[2026-03-19T17:27:48.092+0000] {taskinstance.py:1956} INFO - Dependencies all met for dep_context=non-requeueable deps ti=<TaskInstance: image_etl_dag.extract_images manual__2026-03-19T17:27:46.371667+00:00 [queued]>
[2026-03-19T17:27:48.105+0000] {taskinstance.py:1956} INFO - Dependencies all met for dep_context=requeueable deps ti=<TaskInstance: image_etl_dag.extract_images manual__2026-03-19T17:27:46.371667+00:00 [queued]>
[2026-03-19T17:27:48.106+0000] {taskinstance.py:2170} INFO - Starting attempt 1 of 1
[2026-03-19T17:27:48.136+0000] {taskinstance.py:2191} INFO - Executing <Task(PythonOperator): extract_images> on 2026-03-19 17:27:46.371667+00:00
[2026-03-19T17:27:48.142+0000] {standard_task_runner.py:60} INFO - Started process 371 to run task
[2026-03-19T17:27:48.146+0000] {standard_task_runner.py:87} INFO - Running: ['***', 'tasks', 'run', 'image_etl_dag', 'extract_images', 'manual__2026-03-19T17:27:46.371667+00:00', '--job-id', '65', '--raw', '--subdir', 'DAGS_FOLDER/image_etl_dag.py', '--cfg-path', '/tmp/tmps09wswk6']
[2026-03-19T17:27:48.152+0000] {standard_task_runner.py:88} INFO - Job 65: Subtask extract_images
[2026-03-19T17:27:48.704+0000] {task_command.py:423} INFO - Running <TaskInstance: image_etl_dag.extract_images manual__2026-03-19T17:27:46.371667+00:00 [running]> on host 1488190561da
[2026-03-19T17:27:49.704+0000] {taskinstance.py:2480} INFO - Exporting env vars: AIRFLOW_CTX_DAG_OWNER='***' AIRFLOW_CTX_DAG_ID='image_etl_dag' AIRFLOW_CTX_TASK_ID='extract_images' AIRFLOW_CTX_EXECUTION_DATE='2026-03-19T17:27:46.371667+00:00' AIRFLOW_CTX_TRY_NUMBER='1' AIRFLOW_CTX_DAG_RUN_ID='manual__2026-03-19T17:27:46.371667+00:00'
[2026-03-19T17:27:49.914+0000] {base.py:83} INFO - Using connection ID 'herbarium_postgres' for task execution.
[2026-03-19T17:27:50.109+0000] {taskinstance.py:2698} ERROR - Task failed with exception
Traceback (most recent call last):
  File "/home/airflow/.local/lib/python3.8/site-packages/urllib3/connection.py", line 174, in _new_conn
    conn = connection.create_connection(
  File "/home/airflow/.local/lib/python3.8/site-packages/urllib3/util/connection.py", line 95, in create_connection
    raise err
  File "/home/airflow/.local/lib/python3.8/site-packages/urllib3/util/connection.py", line 85, in create_connection
    sock.connect(sa)
OSError: [Errno 101] Network is unreachable

During handling of the above exception, another exception occurred:

Traceback (most recent call last):
  File "/home/airflow/.local/lib/python3.8/site-packages/urllib3/connectionpool.py", line 715, in urlopen
    httplib_response = self._make_request(
  File "/home/airflow/.local/lib/python3.8/site-packages/urllib3/connectionpool.py", line 416, in _make_request
    conn.request(method, url, **httplib_request_kw)
  File "/home/airflow/.local/lib/python3.8/site-packages/urllib3/connection.py", line 244, in request
    super(HTTPConnection, self).request(method, url, body=body, headers=headers)
  File "/usr/local/lib/python3.8/http/client.py", line 1256, in request
    self._send_request(method, url, body, headers, encode_chunked)
  File "/usr/local/lib/python3.8/http/client.py", line 1302, in _send_request
    self.endheaders(body, encode_chunked=encode_chunked)
  File "/usr/local/lib/python3.8/http/client.py", line 1251, in endheaders
    self._send_output(message_body, encode_chunked=encode_chunked)
  File "/usr/local/lib/python3.8/http/client.py", line 1011, in _send_output
    self.send(msg)
  File "/usr/local/lib/python3.8/http/client.py", line 951, in send
    self.connect()
  File "/home/airflow/.local/lib/python3.8/site-packages/urllib3/connection.py", line 205, in connect
    conn = self._new_conn()
  File "/home/airflow/.local/lib/python3.8/site-packages/urllib3/connection.py", line 186, in _new_conn
    raise NewConnectionError(
urllib3.exceptions.NewConnectionError: <urllib3.connection.HTTPConnection object at 0x7c586e1736a0>: Failed to establish a new connection: [Errno 101] Network is unreachable

During handling of the above exception, another exception occurred:

Traceback (most recent call last):
  File "/home/airflow/.local/lib/python3.8/site-packages/requests/adapters.py", line 486, in send
    resp = conn.urlopen(
  File "/home/airflow/.local/lib/python3.8/site-packages/urllib3/connectionpool.py", line 799, in urlopen
    retries = retries.increment(
  File "/home/airflow/.local/lib/python3.8/site-packages/urllib3/util/retry.py", line 592, in increment
    raise MaxRetryError(_pool, url, error or ResponseError(cause))
urllib3.exceptions.MaxRetryError: HTTPConnectionPool(host='host.docker.internal', port=8000): Max retries exceeded with url: /api/v1/images/93fcb9fa-bb81-478a-8e77-3c69dde5d919-010826.jpg (Caused by NewConnectionError('<urllib3.connection.HTTPConnection object at 0x7c586e1736a0>: Failed to establish a new connection: [Errno 101] Network is unreachable'))

During handling of the above exception, another exception occurred:

Traceback (most recent call last):
  File "/home/airflow/.local/lib/python3.8/site-packages/airflow/models/taskinstance.py", line 433, in _execute_task
    result = execute_callable(context=context, **execute_callable_kwargs)
  File "/home/airflow/.local/lib/python3.8/site-packages/airflow/operators/python.py", line 199, in execute
    return_value = self.execute_callable()
  File "/home/airflow/.local/lib/python3.8/site-packages/airflow/operators/python.py", line 216, in execute_callable
    return self.python_callable(*self.op_args, **self.op_kwargs)
  File "/opt/airflow/dags/image_etl_dag.py", line 35, in extract_images
    response = requests.get(full_url, timeout=30)
  File "/home/airflow/.local/lib/python3.8/site-packages/requests/api.py", line 73, in get
    return request("get", url, params=params, **kwargs)
  File "/home/airflow/.local/lib/python3.8/site-packages/requests/api.py", line 59, in request
    return session.request(method=method, url=url, **kwargs)
  File "/home/airflow/.local/lib/python3.8/site-packages/requests/sessions.py", line 589, in request
    resp = self.send(prep, **send_kwargs)
  File "/home/airflow/.local/lib/python3.8/site-packages/requests/sessions.py", line 703, in send
    r = adapter.send(request, **kwargs)
  File "/home/airflow/.local/lib/python3.8/site-packages/requests/adapters.py", line 519, in send
    raise ConnectionError(e, request=request)
requests.exceptions.ConnectionError: HTTPConnectionPool(host='host.docker.internal', port=8000): Max retries exceeded with url: /api/v1/images/93fcb9fa-bb81-478a-8e77-3c69dde5d919-010826.jpg (Caused by NewConnectionError('<urllib3.connection.HTTPConnection object at 0x7c586e1736a0>: Failed to establish a new connection: [Errno 101] Network is unreachable'))
[2026-03-19T17:27:50.309+0000] {taskinstance.py:1138} INFO - Marking task as FAILED. dag_id=image_etl_dag, task_id=extract_images, execution_date=20260319T172746, start_date=20260319T172748, end_date=20260319T172750
[2026-03-19T17:27:50.371+0000] {standard_task_runner.py:107} ERROR - Failed to execute job 65 for task extract_images (HTTPConnectionPool(host='host.docker.internal', port=8000): Max retries exceeded with url: /api/v1/images/93fcb9fa-bb81-478a-8e77-3c69dde5d919-010826.jpg (Caused by NewConnectionError('<urllib3.connection.HTTPConnection object at 0x7c586e1736a0>: Failed to establish a new connection: [Errno 101] Network is unreachable')); 371)
[2026-03-19T17:27:50.415+0000] {local_task_job_runner.py:234} INFO - Task exited with return code 1
[2026-03-19T17:27:50.632+0000] {taskinstance.py:3280} INFO - 0 downstream tasks scheduled from follow-on schedule check
