[2026-03-19T18:04:01.338+0000] {taskinstance.py:1956} INFO - Dependencies all met for dep_context=non-requeueable deps ti=<TaskInstance: image_etl_dag.extract_images manual__2026-03-19T18:03:59+00:00 [queued]>
[2026-03-19T18:04:01.356+0000] {taskinstance.py:1956} INFO - Dependencies all met for dep_context=requeueable deps ti=<TaskInstance: image_etl_dag.extract_images manual__2026-03-19T18:03:59+00:00 [queued]>
[2026-03-19T18:04:01.357+0000] {taskinstance.py:2170} INFO - Starting attempt 1 of 4
[2026-03-19T18:04:01.382+0000] {taskinstance.py:2191} INFO - Executing <Task(PythonOperator): extract_images> on 2026-03-19 18:03:59+00:00
[2026-03-19T18:04:01.390+0000] {standard_task_runner.py:60} INFO - Started process 465 to run task
[2026-03-19T18:04:01.397+0000] {standard_task_runner.py:87} INFO - Running: ['***', 'tasks', 'run', 'image_etl_dag', 'extract_images', 'manual__2026-03-19T18:03:59+00:00', '--job-id', '72', '--raw', '--subdir', 'DAGS_FOLDER/image_etl_dag.py', '--cfg-path', '/tmp/tmph1y7ydsf']
[2026-03-19T18:04:01.401+0000] {standard_task_runner.py:88} INFO - Job 72: Subtask extract_images
[2026-03-19T18:04:01.930+0000] {task_command.py:423} INFO - Running <TaskInstance: image_etl_dag.extract_images manual__2026-03-19T18:03:59+00:00 [running]> on host c0430df2a928
[2026-03-19T18:04:02.629+0000] {taskinstance.py:2480} INFO - Exporting env vars: AIRFLOW_CTX_DAG_OWNER='***' AIRFLOW_CTX_DAG_ID='image_etl_dag' AIRFLOW_CTX_TASK_ID='extract_images' AIRFLOW_CTX_EXECUTION_DATE='2026-03-19T18:03:59+00:00' AIRFLOW_CTX_TRY_NUMBER='1' AIRFLOW_CTX_DAG_RUN_ID='manual__2026-03-19T18:03:59+00:00'
[2026-03-19T18:04:02.777+0000] {base.py:83} INFO - Using connection ID 'herbarium_postgres' for task execution.
[2026-03-19T18:04:03.008+0000] {logging_mixin.py:188} INFO - Warning: Could not download image from http://host.docker.internal:8000/api/v1/images/93fcb9fa-bb81-478a-8e77-3c69dde5d919-010826.jpg: HTTPConnectionPool(host='host.docker.internal', port=8000): Max retries exceeded with url: /api/v1/images/93fcb9fa-bb81-478a-8e77-3c69dde5d919-010826.jpg (Caused by NewConnectionError('<urllib3.connection.HTTPConnection object at 0x7868ede107c0>: Failed to establish a new connection: [Errno 101] Network is unreachable'))
[2026-03-19T18:04:03.009+0000] {logging_mixin.py:188} INFO - Creating mock image for testing...
[2026-03-19T18:04:03.033+0000] {logging_mixin.py:188} INFO - Warning: Could not download image from http://host.docker.internal:8000/api/v1/images/fe94546a-32a5-4ded-88a4-544782ba50ba-010827.jpg: HTTPConnectionPool(host='host.docker.internal', port=8000): Max retries exceeded with url: /api/v1/images/fe94546a-32a5-4ded-88a4-544782ba50ba-010827.jpg (Caused by NewConnectionError('<urllib3.connection.HTTPConnection object at 0x7868eddad970>: Failed to establish a new connection: [Errno 101] Network is unreachable'))
[2026-03-19T18:04:03.034+0000] {logging_mixin.py:188} INFO - Creating mock image for testing...
[2026-03-19T18:04:03.043+0000] {logging_mixin.py:188} INFO - Warning: Could not download image from http://host.docker.internal:8000/api/v1/images/e5e32b85-4f68-4e58-8a3d-3cc741039726-010828.jpg: HTTPConnectionPool(host='host.docker.internal', port=8000): Max retries exceeded with url: /api/v1/images/e5e32b85-4f68-4e58-8a3d-3cc741039726-010828.jpg (Caused by NewConnectionError('<urllib3.connection.HTTPConnection object at 0x7868eddbe2b0>: Failed to establish a new connection: [Errno 101] Network is unreachable'))
[2026-03-19T18:04:03.044+0000] {logging_mixin.py:188} INFO - Creating mock image for testing...
[2026-03-19T18:04:03.051+0000] {logging_mixin.py:188} INFO - Warning: Could not download image from http://host.docker.internal:8000/api/v1/images/af47726c-a78d-428b-be5c-17ab606623da-010829.jpg: HTTPConnectionPool(host='host.docker.internal', port=8000): Max retries exceeded with url: /api/v1/images/af47726c-a78d-428b-be5c-17ab606623da-010829.jpg (Caused by NewConnectionError('<urllib3.connection.HTTPConnection object at 0x7868eddbebb0>: Failed to establish a new connection: [Errno 101] Network is unreachable'))
[2026-03-19T18:04:03.052+0000] {logging_mixin.py:188} INFO - Creating mock image for testing...
[2026-03-19T18:04:03.057+0000] {logging_mixin.py:188} INFO - Warning: Could not download image from http://host.docker.internal:8000/api/v1/images/cea5ccd0-1af9-4586-98f1-77f61e71a994-010830.jpg: HTTPConnectionPool(host='host.docker.internal', port=8000): Max retries exceeded with url: /api/v1/images/cea5ccd0-1af9-4586-98f1-77f61e71a994-010830.jpg (Caused by NewConnectionError('<urllib3.connection.HTTPConnection object at 0x7868eddad7c0>: Failed to establish a new connection: [Errno 101] Network is unreachable'))
[2026-03-19T18:04:03.057+0000] {logging_mixin.py:188} INFO - Creating mock image for testing...
[2026-03-19T18:04:03.063+0000] {logging_mixin.py:188} INFO - Warning: Could not download image from http://host.docker.internal:8000/api/v1/images/bd0e2d53-aaaf-4dc4-a2ce-d4dc982bb726-010831.jpg: HTTPConnectionPool(host='host.docker.internal', port=8000): Max retries exceeded with url: /api/v1/images/bd0e2d53-aaaf-4dc4-a2ce-d4dc982bb726-010831.jpg (Caused by NewConnectionError('<urllib3.connection.HTTPConnection object at 0x7868eddbe0d0>: Failed to establish a new connection: [Errno 101] Network is unreachable'))
[2026-03-19T18:04:03.064+0000] {logging_mixin.py:188} INFO - Creating mock image for testing...
[2026-03-19T18:04:03.071+0000] {logging_mixin.py:188} INFO - Warning: Could not download image from http://host.docker.internal:8000/api/v1/images/d13805e5-aae4-4a09-b496-ce4a63d83793-010832.jpg: HTTPConnectionPool(host='host.docker.internal', port=8000): Max retries exceeded with url: /api/v1/images/d13805e5-aae4-4a09-b496-ce4a63d83793-010832.jpg (Caused by NewConnectionError('<urllib3.connection.HTTPConnection object at 0x7868eddcb4f0>: Failed to establish a new connection: [Errno 101] Network is unreachable'))
[2026-03-19T18:04:03.072+0000] {logging_mixin.py:188} INFO - Creating mock image for testing...
[2026-03-19T18:04:03.079+0000] {logging_mixin.py:188} INFO - Warning: Could not download image from http://host.docker.internal:8000/api/v1/images/e2b8acb3-6908-4e97-8841-5366867093b0-010833.jpg: HTTPConnectionPool(host='host.docker.internal', port=8000): Max retries exceeded with url: /api/v1/images/e2b8acb3-6908-4e97-8841-5366867093b0-010833.jpg (Caused by NewConnectionError('<urllib3.connection.HTTPConnection object at 0x7868eddcbdf0>: Failed to establish a new connection: [Errno 101] Network is unreachable'))
[2026-03-19T18:04:03.080+0000] {logging_mixin.py:188} INFO - Creating mock image for testing...
[2026-03-19T18:04:03.087+0000] {logging_mixin.py:188} INFO - Warning: Could not download image from http://host.docker.internal:8000/api/v1/images/2d6da713-d6f7-48ef-a8c4-35e060e0b3f2-010834.jpg: HTTPConnectionPool(host='host.docker.internal', port=8000): Max retries exceeded with url: /api/v1/images/2d6da713-d6f7-48ef-a8c4-35e060e0b3f2-010834.jpg (Caused by NewConnectionError('<urllib3.connection.HTTPConnection object at 0x7868edd59730>: Failed to establish a new connection: [Errno 101] Network is unreachable'))
[2026-03-19T18:04:03.088+0000] {logging_mixin.py:188} INFO - Creating mock image for testing...
[2026-03-19T18:04:03.094+0000] {logging_mixin.py:188} INFO - Warning: Could not download image from http://host.docker.internal:8000/api/v1/images/469c6e59-a572-497d-8868-c2f9bf94f147-010835.jpg: HTTPConnectionPool(host='host.docker.internal', port=8000): Max retries exceeded with url: /api/v1/images/469c6e59-a572-497d-8868-c2f9bf94f147-010835.jpg (Caused by NewConnectionError('<urllib3.connection.HTTPConnection object at 0x7868eddcb610>: Failed to establish a new connection: [Errno 101] Network is unreachable'))
[2026-03-19T18:04:03.095+0000] {logging_mixin.py:188} INFO - Creating mock image for testing...
[2026-03-19T18:04:03.379+0000] {python.py:201} INFO - Done. Returned value was: None
[2026-03-19T18:04:03.573+0000] {taskinstance.py:1138} INFO - Marking task as SUCCESS. dag_id=image_etl_dag, task_id=extract_images, execution_date=20260319T180359, start_date=20260319T180401, end_date=20260319T180403
[2026-03-19T18:04:03.619+0000] {local_task_job_runner.py:234} INFO - Task exited with return code 0
[2026-03-19T18:04:03.805+0000] {taskinstance.py:3280} INFO - 1 downstream tasks scheduled from follow-on schedule check
